[INFO] 23:15:06:791 TP0/(21329:21329): Hola! Soy un log
[INFO] 23:16:42:835 TP0/(21533:21533): Hola! Soy un log
[INFO] 23:36:06:190 TP0/(24039:24039): Hola! Soy un log
[INFO] 23:46:08:917 TP0/(25540:25540): Hola! Soy un log
[INFO] 23:47:33:312 TP0/(25735:25735): Hola! Soy un log
[INFO] 23:48:04:329 TP0/(25833:25833): Hola! Soy un log
[INFO] 23:49:31:702 TP0/(26055:26055): Hola! Soy un log
[INFO] 23:49:56:572 TP0/(26289:26289): Hola! Soy un log
[INFO] 23:50:38:275 TP0/(26401:26401): Hola! Soy un log
[INFO] 23:52:00:009 TP0/(26609:26609): chau
[INFO] 23:54:35:469 TP0/(26974:26974):  dê	®dê	
[INFO] 00:03:24:881 TP0/(28108:28108):  lucas
[INFO] 00:06:46:482 TP0/(28691:28691): VALOR
[INFO] 00:24:58:013 TP0/(30890:30890): Hola! Soy un log
[INFO] 00:24:58:014 TP0/(30890:30890): VALOR
[INFO] 00:39:33:427 TP0/(32583:32583): Hola! Soy un log
[INFO] 00:39:33:428 TP0/(32583:32583): VALOR
[INFO] 00:41:00:144 TP0/(310:310): Hola! Soy un log
[INFO] 00:41:00:145 TP0/(310:310): VALOR
[INFO] 00:41:02:998 TP0/(310:310): 3
[INFO] 00:49:38:433 TP0/(1663:1663): Hola! Soy un log
[INFO] 00:49:38:434 TP0/(1663:1663): VALOR
[INFO] 00:49:55:867 TP0/(1663:1663): 
[INFO] 00:51:21:058 TP0/(2040:2040): Hola! Soy un log
[INFO] 00:51:21:060 TP0/(2040:2040): VALOR
[INFO] 00:51:23:288 TP0/(2040:2040): 3
[INFO] 00:51:25:786 TP0/(2040:2040): 4
[INFO] 00:51:26:962 TP0/(2040:2040): 5
[INFO] 00:51:27:601 TP0/(2040:2040): 
[INFO] 00:51:28:880 TP0/(2040:2040): 
[INFO] 00:51:34:236 TP0/(2040:2040): 
[INFO] 00:52:42:729 TP0/(2243:2243): Hola! Soy un log
[INFO] 00:52:42:733 TP0/(2243:2243): VALOR
[INFO] 00:52:49:203 TP0/(2243:2243): 4
[INFO] 00:52:49:714 TP0/(2243:2243): 5
[INFO] 00:52:50:602 TP0/(2243:2243): 
[INFO] 22:55:21:741 TP0/(10094:10094): Hola! Soy un log
[INFO] 22:55:21:747 TP0/(10094:10094): VALOR
[INFO] 22:55:28:624 TP0/(10094:10094): 
[INFO] 22:57:47:058 TP0/(10423:10423): Hola! Soy un log
[INFO] 22:57:47:068 TP0/(10423:10423): VALOR
[INFO] 22:58:00:306 TP0/(10423:10423): 4
[INFO] 22:58:01:809 TP0/(10423:10423): 
[INFO] 23:27:00:446 TP0/(14512:14512): Hola! Soy un log
[INFO] 23:27:00:452 TP0/(14512:14512): VALOR
[INFO] 23:27:07:288 TP0/(14512:14512): 
[INFO] 23:30:45:067 TP0/(15005:15005): Hola! Soy un log
[INFO] 23:30:45:068 TP0/(15005:15005): VALOR
[INFO] 23:30:48:101 TP0/(15005:15005): 4
[INFO] 23:30:48:974 TP0/(15005:15005): 
[INFO] 23:30:56:068 TP0/(15040:15040): Hola! Soy un log
[INFO] 23:30:56:092 TP0/(15040:15040): VALOR
[INFO] 23:30:58:504 TP0/(15040:15040): 
[INFO] 23:52:34:603 TP0/(18171:18171): Hola! Soy un log
[INFO] 23:52:34:605 TP0/(18171:18171): VALOR
[INFO] 23:52:39:602 TP0/(18171:18171): 4
[INFO] 23:52:40:322 TP0/(18171:18171): 
[INFO] 23:53:51:035 TP0/(18342:18342): Hola! Soy un log
[INFO] 23:53:51:035 TP0/(18342:18342): VALOR
[INFO] 23:53:54:359 TP0/(18342:18342): 
[INFO] 23:58:12:310 TP0/(18798:18798): Hola! Soy un log
[INFO] 23:58:12:317 TP0/(18798:18798): VALOR
[INFO] 23:58:14:665 TP0/(18798:18798): 
[INFO] 00:02:58:663 TP0/(19309:19309): Hola! Soy un log
[INFO] 00:02:58:664 TP0/(19309:19309): VALOR
[INFO] 00:03:01:707 TP0/(19309:19309): 
[INFO] 00:05:22:071 TP0/(19619:19619): Hola! Soy un log
[INFO] 00:05:22:073 TP0/(19619:19619): VALOR
[INFO] 00:05:26:819 TP0/(19619:19619): 
[INFO] 00:35:27:256 TP0/(21848:21848): Hola! Soy un log
[INFO] 00:35:27:260 TP0/(21848:21848): VALOR
[INFO] 00:35:52:424 TP0/(21848:21848): r
[INFO] 00:35:53:369 TP0/(21848:21848): 
[INFO] 00:48:32:206 TP0/(22681:22681): Hola! Soy un log
[INFO] 00:48:32:215 TP0/(22681:22681): VALOR
[INFO] 00:48:34:411 TP0/(22681:22681): 5
[INFO] 00:48:35:453 TP0/(22681:22681): 4
[INFO] 00:48:35:973 TP0/(22681:22681): 
[INFO] 00:55:44:643 TP0/(23115:23115): Hola! Soy un log
[INFO] 00:55:44:650 TP0/(23115:23115): VALOR
[INFO] 00:55:49:926 TP0/(23115:23115): 0
[INFO] 00:55:56:758 TP0/(23115:23115): VALOR
[INFO] 00:56:01:790 TP0/(23115:23115): lucas
[INFO] 01:07:08:249 TP0/(23801:23801): Hola! Soy un log
[INFO] 01:07:08:250 TP0/(23801:23801): VALOR
[INFO] 01:07:10:935 TP0/(23811:23811): Hola! Soy un log
[INFO] 01:07:10:941 TP0/(23811:23811): VALOR
[INFO] 01:07:22:110 TP0/(23831:23831): Hola! Soy un log
[INFO] 01:07:22:115 TP0/(23831:23831): VALOR
[INFO] 01:07:26:011 TP0/(23831:23831): 4
[INFO] 01:07:27:226 TP0/(23831:23831): 
[INFO] 01:07:47:012 TP0/(23875:23875): Hola! Soy un log
[INFO] 01:07:47:017 TP0/(23875:23875): VALOR
[INFO] 01:08:36:749 TP0/(23875:23875): j
[INFO] 01:08:37:464 TP0/(23875:23875): 
[INFO] 01:10:28:202 TP0/(24033:24033): Hola! Soy un log
[INFO] 01:10:28:203 TP0/(24033:24033): VALOR
[INFO] 01:10:32:184 TP0/(24033:24033): 4
[INFO] 01:10:32:286 TP0/(24033:24033): 
[INFO] 01:14:10:436 TP0/(24286:24286): Hola! Soy un log
[INFO] 01:14:10:436 TP0/(24286:24286): VALOR
[INFO] 01:14:20:745 TP0/(24286:24286): 4
[INFO] 01:14:21:495 TP0/(24286:24286): 
[INFO] 01:14:39:608 TP0/(24322:24322): Hola! Soy un log
[INFO] 01:14:39:613 TP0/(24322:24322): VALOR
[INFO] 01:14:41:980 TP0/(24322:24322): 2
[INFO] 01:14:42:742 TP0/(24322:24322): 4
[INFO] 01:14:43:055 TP0/(24322:24322): 
[INFO] 01:17:21:595 TP0/(24479:24479): Hola! Soy un log
[INFO] 01:17:21:597 TP0/(24479:24479): VALOR
[INFO] 01:17:26:219 TP0/(24479:24479): 3
[INFO] 01:17:29:270 TP0/(24479:24479): 
[INFO] 01:18:56:840 TP0/(24577:24577): Hola! Soy un log
[INFO] 01:18:56:849 TP0/(24577:24577): VALOR
[INFO] 01:18:59:534 TP0/(24577:24577): 
[INFO] 01:42:39:596 TP0/(26022:26022): Hola! Soy un log
[INFO] 01:42:39:600 TP0/(26022:26022): VALOR
[INFO] 01:42:44:502 TP0/(26022:26022): 54
[INFO] 01:42:44:910 TP0/(26022:26022): 
[INFO] 01:43:47:970 TP0/(26144:26144): Hola! Soy un log
[INFO] 01:43:47:973 TP0/(26144:26144): VALOR
[INFO] 01:43:53:177 TP0/(26157:26157): Hola! Soy un log
[INFO] 01:43:53:179 TP0/(26157:26157): VALOR
[INFO] 01:43:55:713 TP0/(26167:26167): Hola! Soy un log
[INFO] 01:43:55:714 TP0/(26167:26167): VALOR
[INFO] 01:43:59:621 TP0/(26182:26182): Hola! Soy un log
[INFO] 01:43:59:624 TP0/(26182:26182): VALOR
[INFO] 01:44:01:783 TP0/(26182:26182): 4
[INFO] 01:44:02:294 TP0/(26182:26182): 
[INFO] 15:08:27:318 TP0/(4456:4456): Hola! Soy un log
[INFO] 15:10:11:807 TP0/(4683:4683): Hola! Soy un log
[INFO] 15:11:41:909 TP0/(4873:4873): Hola! Soy un log
[INFO] 15:13:13:821 TP0/(5060:5060): Hola! Soy un log
[INFO] 15:13:13:825 TP0/(5060:5060): VALOR
[INFO] 15:13:20:760 TP0/(5060:5060): 3
[INFO] 15:13:21:959 TP0/(5060:5060): e
[INFO] 15:13:22:535 TP0/(5060:5060): 
[INFO] 15:13:59:765 TP0/(5172:5172): Hola! Soy un log
[INFO] 15:13:59:766 TP0/(5172:5172): VALOR
[INFO] 15:13:59:767 TP0/(5172:5172): ∞"∞«q∑0m
[INFO] 15:16:16:759 TP0/(5431:5431): Hola! Soy un log
[INFO] 15:16:16:760 TP0/(5431:5431): VALOR
[INFO] 15:16:16:761 TP0/(5431:5431): 
[INFO] 15:16:20:682 TP0/(5431:5431): e
[INFO] 15:16:21:592 TP0/(5431:5431): 2
[INFO] 15:16:21:918 TP0/(5431:5431): 
[INFO] 15:17:22:027 TP0/(5610:5610): Hola! Soy un log
[INFO] 15:17:22:028 TP0/(5610:5610): VALOR
[INFO] 15:17:22:029 TP0/(5610:5610): 
[INFO] 15:18:26:796 TP0/(5752:5752): Hola! Soy un log
[INFO] 15:19:34:382 TP0/(5915:5915): Hola! Soy un log
[INFO] 15:19:34:393 TP0/(5915:5915): VALOR
[INFO] 15:19:34:393 TP0/(5915:5915): 
[INFO] 15:19:38:105 TP0/(5915:5915): 4
[INFO] 15:19:38:650 TP0/(5915:5915): 
[INFO] 15:20:27:664 TP0/(6050:6050): Hola! Soy un log
[INFO] 15:20:27:665 TP0/(6050:6050): VALOR
[INFO] 15:20:27:665 TP0/(6050:6050): 
[INFO] 15:21:01:985 TP0/(6151:6151): Hola! Soy un log
[INFO] 15:21:01:986 TP0/(6151:6151): lucas
[INFO] 15:21:01:987 TP0/(6151:6151): 4444
[INFO] 15:23:14:323 TP0/(6390:6390): Hola! Soy un log
[INFO] 15:23:14:326 TP0/(6390:6390): VALOR
[INFO] 15:23:14:326 TP0/(6390:6390): 4444
[INFO] 15:27:32:981 TP0/(6810:6810): Hola! Soy un log
[INFO] 15:27:32:982 TP0/(6810:6810): VALOR
[INFO] 15:27:32:982 TP0/(6810:6810): 4444
[INFO] 15:27:32:982 TP0/(6810:6810): 127.0.0.1
[INFO] 15:29:12:917 TP0/(7049:7049): Hola! Soy un log
[INFO] 15:29:29:415 TP0/(7122:7122): Hola! Soy un log
[INFO] 15:30:03:489 TP0/(7211:7211): Hola! Soy un log
[INFO] 15:30:26:569 TP0/(7282:7282): Hola! Soy un log
[INFO] 15:30:42:847 TP0/(7329:7329): Hola! Soy un log
[INFO] 15:31:11:344 TP0/(7417:7417): Hola! Soy un log
[INFO] 15:31:11:345 TP0/(7417:7417): VALOR
[INFO] 15:31:11:345 TP0/(7417:7417): 4444
[INFO] 15:31:11:345 TP0/(7417:7417): 127.0.0.1
[INFO] 15:31:37:998 TP0/(7502:7502): Hola! Soy un log
[INFO] 15:31:38:006 TP0/(7502:7502): VALOR
[INFO] 15:31:38:006 TP0/(7502:7502): 4444
[INFO] 15:31:38:006 TP0/(7502:7502): 127.0.0.1
[INFO] 15:31:38:009 TP0/(7502:7502): Ä¬‹	°´i
[INFO] 15:34:21:135 TP0/(7781:7781): Hola! Soy un log
[INFO] 15:34:21:136 TP0/(7781:7781): VALOR
[INFO] 15:34:21:137 TP0/(7781:7781): 4444
[INFO] 15:34:21:137 TP0/(7781:7781): 127.0.0.1
[INFO] 15:34:43:625 TP0/(7853:7853): Hola! Soy un log
[INFO] 15:34:43:626 TP0/(7853:7853): VALOR
[INFO] 15:34:43:626 TP0/(7853:7853): 4444
[INFO] 15:34:43:626 TP0/(7853:7853): 127.0.0.1
[INFO] 15:35:11:490 TP0/(7942:7942): Hola! Soy un log
[INFO] 15:35:11:491 TP0/(7942:7942): VALOR
[INFO] 15:35:11:491 TP0/(7942:7942): 4444
[INFO] 15:35:11:491 TP0/(7942:7942): 127.0.0.1
[INFO] 15:35:11:492 TP0/(7942:7942): çÉ¯˛ˇˇ)∆¡˛Öˆt%1ˇç∂
[INFO] 15:35:29:744 TP0/(8008:8008): Hola! Soy un log
[INFO] 15:35:29:762 TP0/(8008:8008): VALOR
[INFO] 15:35:29:766 TP0/(8008:8008): 4444
[INFO] 15:35:29:766 TP0/(8008:8008): 127.0.0.1
[INFO] 15:36:07:329 TP0/(8114:8114): Hola! Soy un log
[INFO] 15:36:07:330 TP0/(8114:8114): VALOR
[INFO] 15:36:07:335 TP0/(8114:8114): 4444
[INFO] 15:36:07:338 TP0/(8114:8114): 127.0.0.1
[INFO] 15:36:33:340 TP0/(8185:8185): Hola! Soy un log
[INFO] 15:36:33:341 TP0/(8185:8185): VALOR
[INFO] 15:36:33:341 TP0/(8185:8185): 4444
[INFO] 15:36:33:341 TP0/(8185:8185): 127.0.0.1
[INFO] 15:36:53:024 TP0/(8257:8257): Hola! Soy un log
[INFO] 15:36:53:025 TP0/(8257:8257): VALOR
[INFO] 15:36:53:025 TP0/(8257:8257): 4444
[INFO] 15:36:53:028 TP0/(8257:8257): 127.0.0.1
[INFO] 15:41:13:791 TP0/(8697:8697): Hola! Soy un log
[INFO] 15:41:13:797 TP0/(8697:8697): VALOR
[INFO] 15:41:13:801 TP0/(8697:8697): 4444
[INFO] 15:41:13:802 TP0/(8697:8697): 127.0.0.1
[INFO] 15:43:15:827 TP0/(8891:8891): Hola! Soy un log
[INFO] 15:43:15:842 TP0/(8891:8891): VALOR
[INFO] 15:43:15:842 TP0/(8891:8891): 4444
[INFO] 15:43:15:842 TP0/(8891:8891): 127.0.0.1
[INFO] 15:45:40:856 TP0/(9126:9126): Hola! Soy un log
[INFO] 15:45:40:863 TP0/(9126:9126): VALOR
[INFO] 15:45:40:864 TP0/(9126:9126): 4444
[INFO] 15:45:40:864 TP0/(9126:9126): 127.0.0.1
[INFO] 15:48:23:113 TP0/(9463:9463): Hola! Soy un log
[INFO] 15:52:17:169 TP0/(9966:9966): Hola! Soy un log
[INFO] 15:56:22:458 TP0/(10420:10420): Hola! Soy un log2022
[INFO] 16:01:16:360 TP0/(10901:10901): Hola! Soy un log2022
[INFO] 16:01:42:560 TP0/(10981:10981): Hola! Soy un log2022
[INFO] 16:01:49:304 TP0/(11009:11009): Hola! Soy un log2022
[INFO] 16:18:16:555 TP0/(12459:12459): Hola! Soy un log2022
[INFO] 16:26:41:280 TP0/(5610:5610): ∏Gm∑∏Gm∑
[INFO] 15:28:28:497 TP0/(5252:5252): Hola! Soy un log2022
[INFO] 15:49:15:963 TP0/(8432:8432): Hola! Soy un log :) Punto 1
[INFO] 15:49:24:899 TP0/(8432:8432): 3
[INFO] 15:49:26:366 TP0/(8432:8432): 4
[INFO] 15:49:27:206 TP0/(8432:8432): 
[INFO] 15:50:10:421 TP0/(8727:8727): Hola! Soy un log :) Punto 1
